<?xml version="1.0" encoding="UTF-8"?>
<!-- Generated by org.testng.reporters.JUnitReportReporter -->
<testsuite hostname="Rofyda" failures="0" tests="2" name="Seleinum_WebDriver.Automation_framework_monofia.LoginTest_NegativeScenario" time="7.585" errors="0" timestamp="2024-10-14T16:12:00 EEST" skipped="0">
  <testcase classname="Seleinum_WebDriver.Automation_framework_monofia.LoginTest_NegativeScenario" name="testLogin_CorrectUsernameWithNotCorrectPassword" time="3.903"/>
  <testcase classname="Seleinum_WebDriver.Automation_framework_monofia.LoginTest_NegativeScenario" name="testLogin_notCorrectUsernameWithCorrectPassword" time="3.682"/>
</testsuite> <!-- Seleinum_WebDriver.Automation_framework_monofia.LoginTest_NegativeScenario -->
