<?xml version="1.0" encoding="UTF-8"?>
<!-- Generated by org.testng.reporters.JUnitReportReporter -->
<testsuite hostname="Rofyda" failures="0" tests="1" name="Seleinum_WebDriver.Automation_framework_monofia.LoginTest_HappyScenario" time="3.696" errors="0" timestamp="2024-10-14T16:12:00 EEST" skipped="0">
  <testcase classname="Seleinum_WebDriver.Automation_framework_monofia.LoginTest_HappyScenario" name="testLogin_CorrectUsernameAndPassword" time="3.696"/>
</testsuite> <!-- Seleinum_WebDriver.Automation_framework_monofia.LoginTest_HappyScenario -->
